<?xml version="1.0" encoding="UTF-8"?>
<!-- Generated by org.testng.reporters.JUnitReportReporter -->
<testsuite hostname="LAPTOP-3CTKVLA5" failures="0" tests="1" name="com.ctbids.tests.ProfileComplete" time="111.235" errors="0" timestamp="2025-08-17T23:23:38 IST" skipped="0">
  <testcase classname="com.ctbids.tests.ProfileComplete" name="completeProfileTest" time="111.235"/>
</testsuite> <!-- com.ctbids.tests.ProfileComplete -->
