<?xml version="1.0" encoding="UTF-8"?>
<!-- Generated by org.testng.reporters.JUnitReportReporter -->
<testsuite hostname="LAPTOP-3CTKVLA5" failures="0" tests="1" name="com.ctbids.tests.ProfileComplete" time="132.349" errors="0" timestamp="2025-08-18T00:57:11 IST" skipped="0">
  <testcase classname="com.ctbids.tests.ProfileComplete" name="completeProfileTest" time="132.349"/>
</testsuite> <!-- com.ctbids.tests.ProfileComplete -->
