<?xml version="1.0" encoding="UTF-8"?>
<!-- Generated by org.testng.reporters.JUnitReportReporter -->
<testsuite hostname="LAPTOP-3CTKVLA5" failures="0" tests="1" name="com.ctbids.tests.CTBidsLogin" time="37.237" errors="0" timestamp="2025-08-17T23:23:38 IST" skipped="0">
  <testcase classname="com.ctbids.tests.CTBidsLogin" name="openCTBidsTest" time="37.237"/>
</testsuite> <!-- com.ctbids.tests.CTBidsLogin -->
